<?xml version="1.0" encoding="UTF-8"?>
<!-- Generated by org.testng.reporters.JUnitXMLReporter -->
<testsuite ignored="0" hostname="Jeffins-MBP" failures="0" tests="2" name="Advanced Selenium Tests - Date Picker" time="21.986" errors="0" timestamp="2025-11-07T16:59:04 EST">
  <testcase classname="advanced.DatePickerTests" name="selectFutureDateTest" time="3.929"/>
  <testcase classname="advanced.DatePickerTests" name="selectPastDateTest" time="9.505"/>
</testsuite> <!-- Advanced Selenium Tests - Date Picker -->
