<?xml version="1.0" encoding="UTF-8"?>
<!-- Generated by org.testng.reporters.JUnitXMLReporter -->
<testsuite ignored="0" hostname="Jeffins-MBP" failures="0" tests="6" name="Advanced Selenium Tests - Shadow DOM" time="44.455" errors="0" timestamp="2025-11-09T10:47:30 EST">
  <testcase classname="advanced.ShadowDOMTest" name="validateFileInputVisibility" time="3.314"/>
  <testcase classname="advanced.ShadowDOMTest" name="validateNestedShadowDivText" time="3.269"/>
  <testcase classname="advanced.ShadowDOMTest" name="validateShadowCheckbox" time="3.355"/>
  <testcase classname="advanced.ShadowDOMTest" name="validateShadowInput" time="3.421"/>
  <testcase classname="advanced.ShadowDOMTest" name="validateShadowLinkText" time="3.313"/>
  <testcase classname="advanced.ShadowDOMTest" name="validateShadowSpanText" time="3.258"/>
</testsuite> <!-- Advanced Selenium Tests - Shadow DOM -->
