<?xml version="1.0" encoding="UTF-8"?>
<!-- Generated by org.testng.reporters.JUnitXMLReporter -->
<testsuite ignored="0" hostname="Jeffins-MBP" failures="0" tests="2" name="Core Selenium Tests - Screenshots" time="17.884" errors="0" timestamp="2025-10-12T15:06:10 EDT">
  <testcase classname="core.ScreenshotsTests" name="captureElementTest" time="1.851"/>
  <testcase classname="core.ScreenshotsTests" name="captureFullPageTest" time="1.573"/>
</testsuite> <!-- Core Selenium Tests - Screenshots -->
