<?xml version="1.0" encoding="UTF-8"?>
<!-- Generated by org.testng.reporters.JUnitXMLReporter -->
<testsuite ignored="0" hostname="Jeffins-MBP" failures="0" tests="4" name="Core Selenium Tests - Dropdowns" time="71.184" errors="0" timestamp="2025-10-16T14:23:41 EDT">
  <testcase classname="core.DropdownsTests" name="selectByIndex" time="6.505"/>
  <testcase classname="core.DropdownsTests" name="selectByValue" time="6.615"/>
  <testcase classname="core.DropdownsTests" name="selectByVisibleText" time="7.18"/>
  <testcase classname="core.DropdownsTests" name="selectMultiDropdown" time="13.091"/>
</testsuite> <!-- Core Selenium Tests - Dropdowns -->
