<?xml version="1.0" encoding="UTF-8"?>
<!-- Generated by org.testng.reporters.JUnitXMLReporter -->
<testsuite ignored="0" hostname="Jeffins-MBP" failures="0" tests="5" name="Core Selenium Tests - Frames" time="37.916" errors="0" timestamp="2025-10-12T15:03:25 EDT">
  <testcase classname="core.FramesTests" name="frame1Test" time="3.396"/>
  <testcase classname="core.FramesTests" name="frame2Test" time="3.417"/>
  <testcase classname="core.FramesTests" name="frame3Test" time="3.291"/>
  <testcase classname="core.FramesTests" name="frame4Test" time="3.355"/>
  <testcase classname="core.FramesTests" name="frame5Test" time="3.438"/>
</testsuite> <!-- Core Selenium Tests - Frames -->
