<?xml version="1.0" encoding="UTF-8"?>
<!-- Generated by org.testng.reporters.JUnitXMLReporter -->
<testsuite ignored="0" hostname="Jeffins-MBP" failures="0" tests="2" name="Core Selenium Tests - Keyboard Actions" time="7.377" errors="0" timestamp="2025-10-10T14:10:11 EDT">
  <testcase classname="core.KeyboardActionsTests" name="typeKeysTest" time="0.48"/>
  <testcase classname="core.KeyboardActionsTests" name="typeSpecialKeysTest" time="0.436"/>
</testsuite> <!-- Core Selenium Tests - Keyboard Actions -->
