<?xml version="1.0" encoding="UTF-8"?>
<!-- Generated by org.testng.reporters.JUnitXMLReporter -->
<testsuite ignored="0" hostname="Jeffins-MBP" failures="0" tests="3" name="Core Selenium Tests - Waits" time="23.616" errors="0" timestamp="2025-10-08T20:21:37 EDT">
  <testcase classname="core.WaitsTests" name="explicitWaitTest" time="5.492"/>
  <testcase classname="core.WaitsTests" name="fluentWaitTest" time="6.273"/>
  <testcase classname="core.WaitsTests" name="implicitWaitTest" time="0.062"/>
</testsuite> <!-- Core Selenium Tests - Waits -->
