<?xml version="1.0" encoding="UTF-8"?>
<!-- Generated by org.testng.reporters.JUnitXMLReporter -->
<testsuite ignored="0" hostname="Jeffins-MBP" failures="0" tests="3" name="Core Selenium Tests - Alerts" time="13.64" errors="0" timestamp="2025-10-08T20:21:51 EDT">
  <testcase classname="core.AlertsTests" name="confirmationAlertTest" time="0.375"/>
  <testcase classname="core.AlertsTests" name="promptAlertTest" time="0.412"/>
  <testcase classname="core.AlertsTests" name="simpleAlertTest" time="0.353"/>
</testsuite> <!-- Core Selenium Tests - Alerts -->
