<?xml version="1.0" encoding="UTF-8"?>
<!-- Generated by org.testng.reporters.JUnitXMLReporter -->
<testsuite ignored="0" hostname="Jeffins-MBP" failures="0" tests="3" name="Core Selenium Tests - Alerts" time="36.909" errors="0" timestamp="2025-10-16T14:20:01 EDT">
  <testcase classname="core.AlertsTests" name="confirmationAlertTest" time="9.253"/>
  <testcase classname="core.AlertsTests" name="promptAlertTest" time="9.202"/>
  <testcase classname="core.AlertsTests" name="simpleAlertTest" time="9.176"/>
</testsuite> <!-- Core Selenium Tests - Alerts -->
