<?xml version="1.0" encoding="UTF-8"?>
<!-- Generated by org.testng.reporters.JUnitXMLReporter -->
<testsuite ignored="0" hostname="Jeffins-MBP" failures="0" tests="3" name="Core Selenium Tests - Radio Buttons" time="39.439" errors="0" timestamp="2025-10-12T15:07:54 EDT">
  <testcase classname="core.RadioButtonsTests" name="selectOtherRadioButtonTest" time="3.105"/>
  <testcase classname="core.RadioButtonsTests" name="selectRadioButtonTest" time="3.365"/>
  <testcase classname="core.RadioButtonsTests" name="verifyDisabledRadioButtonTest" time="3.194"/>
</testsuite> <!-- Core Selenium Tests - Radio Buttons -->
