<?xml version="1.0" encoding="UTF-8"?>
<!-- Generated by org.testng.reporters.JUnitXMLReporter -->
<testsuite ignored="0" hostname="Jeffins-MBP" failures="0" tests="3" name="Core Selenium Tests - JavascriptExecutor" time="78.154" errors="0" timestamp="2025-10-20T14:10:04 EDT">
  <testcase classname="core.JavascriptExecutorTests" name="clickTest" time="6.461"/>
  <testcase classname="core.JavascriptExecutorTests" name="scrollTest" time="12.066"/>
  <testcase classname="core.JavascriptExecutorTests" name="setValuesTest2" time="8.319"/>
</testsuite> <!-- Core Selenium Tests - JavascriptExecutor -->
