<?xml version="1.0" encoding="UTF-8"?>
<!-- Generated by org.testng.reporters.JUnitXMLReporter -->
<testsuite ignored="0" hostname="Jeffins-MBP" failures="0" tests="7" name="Core Selenium Tests - Locators" time="57.784" errors="0" timestamp="2025-10-16T14:18:54 EDT">
  <testcase classname="core.LocatorsTests" name="locateByClassName" time="3.396"/>
  <testcase classname="core.LocatorsTests" name="locateByCssSelector" time="3.381"/>
  <testcase classname="core.LocatorsTests" name="locateById" time="3.337"/>
  <testcase classname="core.LocatorsTests" name="locateByLinkText" time="3.145"/>
  <testcase classname="core.LocatorsTests" name="locateByName" time="3.093"/>
  <testcase classname="core.LocatorsTests" name="locateByPartialLinkText" time="3.094"/>
  <testcase classname="core.LocatorsTests" name="locateByXPath" time="3.219"/>
</testsuite> <!-- Core Selenium Tests - Locators -->
