<?xml version="1.0" encoding="UTF-8"?>
<!-- Generated by org.testng.reporters.JUnitXMLReporter -->
<testsuite ignored="0" hostname="Jeffins-MBP" failures="0" tests="2" name="Core Selenium Tests - Checkboxes" time="15.881" errors="0" timestamp="2025-10-12T15:07:14 EDT">
  <testcase classname="core.CheckboxesTests" name="testMultipleCheckboxes" time="6.238"/>
  <testcase classname="core.CheckboxesTests" name="testSingleCheckbox" time="3.119"/>
</testsuite> <!-- Core Selenium Tests - Checkboxes -->
