<?xml version="1.0" encoding="UTF-8"?>
<!-- Generated by org.testng.reporters.JUnitXMLReporter -->
<testsuite ignored="0" hostname="Jeffins-MBP" failures="0" tests="7" name="Core Selenium Tests - Locators" time="71.263" errors="0" timestamp="2025-10-12T15:01:48 EDT">
  <testcase classname="core.LocatorsTests" name="locateByClassName" time="3.181"/>
  <testcase classname="core.LocatorsTests" name="locateByCssSelector" time="3.28"/>
  <testcase classname="core.LocatorsTests" name="locateById" time="3.284"/>
  <testcase classname="core.LocatorsTests" name="locateByLinkText" time="3.247"/>
  <testcase classname="core.LocatorsTests" name="locateByName" time="3.433"/>
  <testcase classname="core.LocatorsTests" name="locateByPartialLinkText" time="3.278"/>
  <testcase classname="core.LocatorsTests" name="locateByXPath" time="3.23"/>
</testsuite> <!-- Core Selenium Tests - Locators -->
