<?xml version="1.0" encoding="UTF-8"?>
<!-- Generated by org.testng.reporters.JUnitXMLReporter -->
<testsuite ignored="0" hostname="Jeffins-MBP" failures="0" tests="2" name="Core Selenium Tests - Keyboard Actions" time="43.01" errors="0" timestamp="2025-10-16T14:22:16 EDT">
  <testcase classname="core.KeyboardActionsTests" name="typeKeysTest" time="24.527"/>
  <testcase classname="core.KeyboardActionsTests" name="typeSpecialKeysTest" time="12.34"/>
</testsuite> <!-- Core Selenium Tests - Keyboard Actions -->
