<?xml version="1.0" encoding="UTF-8"?>
<!-- Generated by org.testng.reporters.JUnitXMLReporter -->
<testsuite ignored="0" hostname="Jeffins-MBP" failures="0" tests="3" name="Core Selenium Tests - Radio Buttons" time="52.282" errors="0" timestamp="2025-10-16T14:24:50 EDT">
  <testcase classname="core.RadioButtonsTests" name="selectOtherRadioButtonTest" time="3.449"/>
  <testcase classname="core.RadioButtonsTests" name="selectRadioButtonTest" time="3.195"/>
  <testcase classname="core.RadioButtonsTests" name="verifyDisabledRadioButtonTest" time="16.295"/>
</testsuite> <!-- Core Selenium Tests - Radio Buttons -->
