<?xml version="1.0" encoding="UTF-8"?>
<!-- Generated by org.testng.reporters.JUnitXMLReporter -->
<testsuite ignored="0" hostname="Jeffins-MBP" failures="0" tests="2" name="Core Selenium Tests - Checkboxes" time="16.721" errors="0" timestamp="2025-10-16T14:23:58 EDT">
  <testcase classname="core.CheckboxesTests" name="testMultipleCheckboxes" time="6.281"/>
  <testcase classname="core.CheckboxesTests" name="testSingleCheckbox" time="3.141"/>
</testsuite> <!-- Core Selenium Tests - Checkboxes -->
