<?xml version="1.0" encoding="UTF-8"?>
<!-- Generated by org.testng.reporters.JUnitXMLReporter -->
<testsuite ignored="0" hostname="Jeffins-MBP" failures="0" tests="4" name="Core Selenium Tests - Mouse Actions" time="41.547" errors="0" timestamp="2025-10-12T15:04:19 EDT">
  <testcase classname="core.MouseActionsTests" name="doubleClickTest" time="6.234"/>
  <testcase classname="core.MouseActionsTests" name="dragAndDropTest" time="6.329"/>
  <testcase classname="core.MouseActionsTests" name="mouseHoverTest" time="6.226"/>
  <testcase classname="core.MouseActionsTests" name="rightClickTest" time="6.273"/>
</testsuite> <!-- Core Selenium Tests - Mouse Actions -->
