<?xml version="1.0" encoding="UTF-8"?>
<!-- Generated by org.testng.reporters.JUnitXMLReporter -->
<testsuite ignored="0" hostname="Jeffins-MBP" failures="0" tests="4" name="Core Selenium Tests - Mouse Actions" time="40.858" errors="0" timestamp="2025-10-16T14:21:33 EDT">
  <testcase classname="core.MouseActionsTests" name="doubleClickTest" time="6.257"/>
  <testcase classname="core.MouseActionsTests" name="dragAndDropTest" time="6.352"/>
  <testcase classname="core.MouseActionsTests" name="mouseHoverTest" time="6.229"/>
  <testcase classname="core.MouseActionsTests" name="rightClickTest" time="6.279"/>
</testsuite> <!-- Core Selenium Tests - Mouse Actions -->
