<?xml version="1.0" encoding="UTF-8"?>
<!-- Generated by org.testng.reporters.JUnitXMLReporter -->
<testsuite ignored="0" hostname="Jeffins-MBP" failures="0" tests="2" name="Core Selenium Tests - Screenshots" time="14.476" errors="0" timestamp="2025-10-16T14:22:30 EDT">
  <testcase classname="core.ScreenshotsTests" name="captureElementTest" time="0.26"/>
  <testcase classname="core.ScreenshotsTests" name="captureFullPageTest" time="0.581"/>
</testsuite> <!-- Core Selenium Tests - Screenshots -->
