<?xml version="1.0" encoding="UTF-8"?>
<!-- Generated by org.testng.reporters.JUnitXMLReporter -->
<testsuite ignored="0" hostname="Jeffins-MBP" failures="0" tests="3" name="Core Selenium Tests - JavascriptExecutor" time="48.992" errors="0" timestamp="2025-10-12T15:05:53 EDT">
  <testcase classname="core.JavascriptExecutorTests" name="clickTest" time="7.589"/>
  <testcase classname="core.JavascriptExecutorTests" name="scrollTest" time="12.063"/>
  <testcase classname="core.JavascriptExecutorTests" name="setValuesTest2" time="8.951"/>
</testsuite> <!-- Core Selenium Tests - JavascriptExecutor -->
