<?xml version="1.0" encoding="UTF-8"?>
<!-- Generated by org.testng.reporters.JUnitXMLReporter -->
<testsuite ignored="0" hostname="Jeffins-MBP" failures="0" tests="3" name="Core Selenium Tests - Javascript Executor" time="42.322" errors="0" timestamp="2025-10-09T22:56:33 EDT">
  <testcase classname="core.JavascriptExecutorTests" name="clickTest" time="5.789"/>
  <testcase classname="core.JavascriptExecutorTests" name="scrollTest" time="12.118"/>
  <testcase classname="core.JavascriptExecutorTests" name="setValuesTest2" time="5.376"/>
</testsuite> <!-- Core Selenium Tests - Javascript Executor -->
