<?xml version="1.0" encoding="UTF-8"?>
<!-- Generated by org.testng.reporters.JUnitXMLReporter -->
<testsuite ignored="0" hostname="Jeffins-MBP" failures="0" tests="5" name="Core Selenium Tests - Frames" time="23.248" errors="0" timestamp="2025-10-08T17:15:42 EDT">
  <testcase classname="core.FramesTests" name="frame1Test" time="1.716"/>
  <testcase classname="core.FramesTests" name="frame2Test" time="0.325"/>
  <testcase classname="core.FramesTests" name="frame3Test" time="0.401"/>
  <testcase classname="core.FramesTests" name="frame4Test" time="0.307"/>
  <testcase classname="core.FramesTests" name="frame5Test" time="0.353"/>
</testsuite> <!-- Core Selenium Tests - Frames -->
