<?xml version="1.0" encoding="UTF-8"?>
<testng-results ignored="0" total="1" passed="1" failed="0" skipped="0">
  <reporter-output>
  </reporter-output>
  <suite started-at="2025-11-23T11:56:43 EST" name="Selenium Fun Suite" finished-at="2025-11-23T11:56:51 EST" duration-ms="7896">
    <groups>
    </groups>
    <test started-at="2025-11-23T11:56:43 EST" name="Advanced Selenium Tests - StaticTable2" finished-at="2025-11-23T11:56:51 EST" duration-ms="7896">
      <class name="advanced.StaticTableTest2">
        <test-method is-config="true" signature="setup(java.lang.String)[pri:0, instance:advanced.StaticTableTest2@d23e042]" started-at="2025-11-23T11:56:43 EST" name="setup" finished-at="2025-11-23T11:56:50 EST" duration-ms="6890" status="PASS">
          <params>
            <param index="0">
              <value>
                <![CDATA[https://testautomationpractice.blogspot.com/]]>
              </value>
            </param>
          </params>
          <reporter-output>
          </reporter-output>
        </test-method> <!-- setup -->
        <test-method signature="test()[pri:0, instance:advanced.StaticTableTest2@d23e042]" started-at="2025-11-23T11:56:50 EST" name="test" finished-at="2025-11-23T11:56:50 EST" duration-ms="376" status="PASS">
          <reporter-output>
          </reporter-output>
        </test-method> <!-- test -->
        <test-method is-config="true" signature="tearDown()[pri:0, instance:advanced.StaticTableTest2@d23e042]" started-at="2025-11-23T11:56:50 EST" name="tearDown" finished-at="2025-11-23T11:56:51 EST" duration-ms="288" status="PASS">
          <reporter-output>
          </reporter-output>
        </test-method> <!-- tearDown -->
      </class> <!-- advanced.StaticTableTest2 -->
    </test> <!-- Advanced Selenium Tests - StaticTable2 -->
  </suite> <!-- Selenium Fun Suite -->
</testng-results>
