<?xml version="1.0" encoding="UTF-8"?>
<!-- Generated by org.testng.reporters.JUnitReportReporter -->
<testsuite hostname="Jeffins-MBP" failures="0" tests="6" name="advanced.ShadowDOMTest" time="44.347" errors="0" timestamp="2025-11-09T10:47:30 EST" skipped="0">
  <testcase classname="advanced.ShadowDOMTest" name="validateShadowLinkText" time="7.138"/>
  <testcase classname="advanced.ShadowDOMTest" name="validateNestedShadowDivText" time="7.286"/>
  <testcase classname="advanced.ShadowDOMTest" name="validateShadowInput" time="7.826"/>
  <testcase classname="advanced.ShadowDOMTest" name="validateFileInputVisibility" time="7.546"/>
  <testcase classname="advanced.ShadowDOMTest" name="validateShadowSpanText" time="7.173"/>
  <testcase classname="advanced.ShadowDOMTest" name="validateShadowCheckbox" time="7.378"/>
</testsuite> <!-- advanced.ShadowDOMTest -->
