<?xml version="1.0" encoding="UTF-8"?>
<!-- Generated by org.testng.reporters.JUnitReportReporter -->
<testsuite hostname="Jeffins-MBP" failures="0" tests="3" name="core.JavascriptExecutorTests" time="77.779" errors="0" timestamp="2025-10-20T14:10:04 EDT" skipped="0">
  <testcase classname="core.JavascriptExecutorTests" name="scrollTest" time="48.405"/>
  <testcase classname="core.JavascriptExecutorTests" name="clickTest" time="13.579"/>
  <testcase classname="core.JavascriptExecutorTests" name="setValuesTest2" time="15.795"/>
</testsuite> <!-- core.JavascriptExecutorTests -->
